<?xml version="1.0" encoding="UTF-8"?>
<testsuite xmlns:xsi="http://www.w3.org/2001/XMLSchema-instance" xsi:noNamespaceSchemaLocation="https://maven.apache.org/surefire/maven-surefire-plugin/xsd/surefire-test-report.xsd" version="3.0.2" name="org.flossware.civilization.ReproducibilityTest" time="0.295" tests="3" errors="0" skipped="0" failures="0" flakes="0">
  <properties>
[...]
</properties>
  <testcase name="testMonteCarloRunsAreIsolated" classname="org.flossware.civilization.ReproducibilityTest" time="0.177"/>
  <testcase name="testDifferentSeedsProduceDifferentResults" classname="org.flossware.civilization.ReproducibilityTest" time="0.056"/>
  <testcase name="testSameSeedProducesSameResults" classname="org.flossware.civilization.ReproducibilityTest" time="0.055"/>
</testsuite>